# JRE version: 7.0_25-b17
# Java VM: Java HotSpot(TM) Client VM (23.25-b01 mixed mode windows-x86 )
Heap
 def new generation   total 11520K, used 1279K [0x03c10000, 0x04890000, 0x19160000)
  eden space 10240K,   0% used [0x03c10000, 0x03c10000, 0x04610000)
  from space 1280K,  99% used [0x04750000, 0x0488fff8, 0x04890000)
  to   space 1280K,   0% used [0x04610000, 0x04610000, 0x04750000)
 tenured generation   total 26776K, used 26743K [0x19160000, 0x1ab86000, 0x43c10000)
   the space 26776K,  99% used [0x19160000, 0x1ab7dda0, 0x1ab7de00, 0x1ab86000)
 compacting perm gen  total 12288K, used 3510K [0x43c10000, 0x44810000, 0x47c10000)
   the space 12288K,  28% used [0x43c10000, 0x43f7db58, 0x43f7dc00, 0x44810000)
GC Heap History (10 events):
Event: 4.744 GC heap after
Heap after GC invocations=26 (full 5):
 def new generation   total 9472K, used 966K [0x03c10000, 0x04650000, 0x19160000)
  eden space 8448K,  11% used [0x03c10000, 0x03d018f8, 0x04450000)
  from space 1024K,   0% used [0x04450000, 0x04450000, 0x04550000)
  to   space 1024K,   0% used [0x04550000, 0x04550000, 0x04650000)
 tenured generation   total 20888K, used 20887K [0x19160000, 0x1a5c6000, 0x43c10000)
   the space 20888K,  99% used [0x19160000, 0x1a5c5ff0, 0x1a5c6000, 0x1a5c6000)
 compacting perm gen  total 12288K, used 3510K [0x43c10000, 0x44810000, 0x47c10000)
   the space 12288K,  28% used [0x43c10000, 0x43f7daa8, 0x43f7dc00, 0x44810000)
No shared spaces configured.
}
Event: 4.787 GC heap before
{Heap before GC invocations=26 (full 5):
 def new generation   total 9472K, used 8448K [0x03c10000, 0x04650000, 0x19160000)
  eden space 8448K, 100% used [0x03c10000, 0x04450000, 0x04450000)
  from space 1024K,   0% used [0x04450000, 0x04450000, 0x04550000)
  to   space 1024K,   0% used [0x04550000, 0x04550000, 0x04650000)
 tenured generation   total 20888K, used 20887K [0x19160000, 0x1a5c6000, 0x43c10000)
   the space 20888K,  99% used [0x19160000, 0x1a5c5ff0, 0x1a5c6000, 0x1a5c6000)
 compacting perm gen  total 12288K, used 3510K [0x43c10000, 0x44810000, 0x47c10000)
   the space 12288K,  28% used [0x43c10000, 0x43f7daa8, 0x43f7dc00, 0x44810000)
No shared spaces configured.
Event: 4.900 GC heap after
Heap after GC invocations=27 (full 6):
 def new generation   total 10112K, used 954K [0x03c10000, 0x04700000, 0x19160000)
  eden space 9024K,  10% used [0x03c10000, 0x03cfe988, 0x044e0000)
  from space 1088K,   0% used [0x044e0000, 0x044e0000, 0x045f0000)
  to   space 1088K,   0% used [0x045f0000, 0x045f0000, 0x04700000)
 tenured generation   total 22296K, used 22183K [0x19160000, 0x1a726000, 0x43c10000)
   the space 22296K,  99% used [0x19160000, 0x1a709f10, 0x1a70a000, 0x1a726000)
 compacting perm gen  total 12288K, used 3510K [0x43c10000, 0x44810000, 0x47c10000)
   the space 12288K,  28% used [0x43c10000, 0x43f7daa8, 0x43f7dc00, 0x44810000)
No shared spaces configured.
}
Event: 5.188 GC heap before
{Heap before GC invocations=27 (full 6):
 def new generation   total 10112K, used 9024K [0x03c10000, 0x04700000, 0x19160000)
  eden space 9024K, 100% used [0x03c10000, 0x044e0000, 0x044e0000)
  from space 1088K,   0% used [0x044e0000, 0x044e0000, 0x045f0000)
  to   space 1088K,   0% used [0x045f0000, 0x045f0000, 0x04700000)
 tenured generation   total 22296K, used 22183K [0x19160000, 0x1a726000, 0x43c10000)
   the space 22296K,  99% used [0x19160000, 0x1a709f10, 0x1a70a000, 0x1a726000)
 compacting perm gen  total 12288K, used 3510K [0x43c10000, 0x44810000, 0x47c10000)
   the space 12288K,  28% used [0x43c10000, 0x43f7dab8, 0x43f7dc00, 0x44810000)
No shared spaces configured.
Event: 5.338 GC heap after
Heap after GC invocations=28 (full 7):
 def new generation   total 10560K, used 962K [0x03c10000, 0x04780000, 0x19160000)
  eden space 9408K,  10% used [0x03c10000, 0x03d00a40, 0x04540000)
  from space 1152K,   0% used [0x04540000, 0x04540000, 0x04660000)
  to   space 1152K,   0% used [0x04660000, 0x04660000, 0x04780000)
 tenured generation   total 23320K, used 23318K [0x19160000, 0x1a826000, 0x43c10000)
   the space 23320K,  99% used [0x19160000, 0x1a825bf8, 0x1a825c00, 0x1a826000)
 compacting perm gen  total 12288K, used 3510K [0x43c10000, 0x44810000, 0x47c10000)
   the space 12288K,  28% used [0x43c10000, 0x43f7dab8, 0x43f7dc00, 0x44810000)
No shared spaces configured.
}
Event: 5.756 GC heap before
{Heap before GC invocations=28 (full 7):
 def new generation   total 10560K, used 9408K [0x03c10000, 0x04780000, 0x19160000)
  eden space 9408K, 100% used [0x03c10000, 0x04540000, 0x04540000)
  from space 1152K,   0% used [0x04540000, 0x04540000, 0x04660000)
  to   space 1152K,   0% used [0x04660000, 0x04660000, 0x04780000)
 tenured generation   total 23320K, used 23318K [0x19160000, 0x1a826000, 0x43c10000)
   the space 23320K,  99% used [0x19160000, 0x1a825bf8, 0x1a825c00, 0x1a826000)
 compacting perm gen  total 12288K, used 3510K [0x43c10000, 0x44810000, 0x47c10000)
   the space 12288K,  28% used [0x43c10000, 0x43f7dab8, 0x43f7dc00, 0x44810000)
No shared spaces configured.
Event: 5.894 GC heap after
Heap after GC invocations=29 (full 8):
 def new generation   total 11200K, used 513K [0x03c10000, 0x04830000, 0x19160000)
  eden space 9984K,   5% used [0x03c10000, 0x03c906f0, 0x045d0000)
  from space 1216K,   0% used [0x045d0000, 0x045d0000, 0x04700000)
  to   space 1216K,   0% used [0x04700000, 0x04700000, 0x04830000)
 tenured generation   total 24728K, used 24728K [0x19160000, 0x1a986000, 0x43c10000)
   the space 24728K, 100% used [0x19160000, 0x1a986000, 0x1a986000, 0x1a986000)
 compacting perm gen  total 12288K, used 3510K [0x43c10000, 0x44810000, 0x47c10000)
   the space 12288K,  28% used [0x43c10000, 0x43f7da68, 0x43f7dc00, 0x44810000)
No shared spaces configured.
}
Event: 5.944 GC heap before
{Heap before GC invocations=29 (full 8):
 def new generation   total 11200K, used 9984K [0x03c10000, 0x04830000, 0x19160000)
  eden space 9984K, 100% used [0x03c10000, 0x045d0000, 0x045d0000)
  from space 1216K,   0% used [0x045d0000, 0x045d0000, 0x04700000)
  to   space 1216K,   0% used [0x04700000, 0x04700000, 0x04830000)
 tenured generation   total 24728K, used 24728K [0x19160000, 0x1a986000, 0x43c10000)
   the space 24728K, 100% used [0x19160000, 0x1a986000, 0x1a986000, 0x1a986000)
 compacting perm gen  total 12288K, used 3510K [0x43c10000, 0x44810000, 0x47c10000)
   the space 12288K,  28% used [0x43c10000, 0x43f7db58, 0x43f7dc00, 0x44810000)
No shared spaces configured.
Event: 6.070 GC heap after
Heap after GC invocations=30 (full 9):
 def new generation   total 11520K, used 1080K [0x03c10000, 0x04890000, 0x19160000)
  eden space 10240K,  10% used [0x03c10000, 0x03d1e368, 0x04610000)
  from space 1280K,   0% used [0x04610000, 0x04610000, 0x04750000)
  to   space 1280K,   0% used [0x04750000, 0x04750000, 0x04890000)
 tenured generation   total 25496K, used 25492K [0x19160000, 0x1aa46000, 0x43c10000)
   the space 25496K,  99% used [0x19160000, 0x1aa45178, 0x1aa45200, 0x1aa46000)
 compacting perm gen  total 12288K, used 3510K [0x43c10000, 0x44810000, 0x47c10000)
   the space 12288K,  28% used [0x43c10000, 0x43f7db58, 0x43f7dc00, 0x44810000)
No shared spaces configured.
}
Event: 6.153 GC heap before
{Heap before GC invocations=30 (full 9):
 def new generation   total 11520K, used 10240K [0x03c10000, 0x04890000, 0x19160000)
  eden space 10240K, 100% used [0x03c10000, 0x04610000, 0x04610000)
  from space 1280K,   0% used [0x04610000, 0x04610000, 0x04750000)
  to   space 1280K,   0% used [0x04750000, 0x04750000, 0x04890000)
 tenured generation   total 25496K, used 25492K [0x19160000, 0x1aa46000, 0x43c10000)
   the space 25496K,  99% used [0x19160000, 0x1aa45178, 0x1aa45200, 0x1aa46000)
 compacting perm gen  total 12288K, used 3510K [0x43c10000, 0x44810000, 0x47c10000)
   the space 12288K,  28% used [0x43c10000, 0x43f7db58, 0x43f7dc00, 0x44810000)
No shared spaces configured.

